# JRE version: OpenJDK Runtime Environment Microsoft-13106404 (21.0.10+7) (build 21.0.10+7-LTS)
# Java VM: OpenJDK 64-Bit Server VM Microsoft-13106404 (21.0.10+7-LTS, mixed mode, sharing, tiered, compressed oops, compressed class ptrs, g1 gc, windows-amd64)
GC Precious Log:
 CardTable entry size: 512
 Card Set container configuration: InlinePtr #cards 5 size 8 Array Of Cards #cards 12 size 40 Howl #buckets 4 coarsen threshold 1843 Howl Bitmap #cards 512 size 80 coarsen threshold 460 Card regions per heap region 1 cards per card region 2048
 CPUs: 8 total, 8 available
 Memory: 7379M
 Large Page Support: Disabled
 NUMA Support: Disabled
 Compressed Oops: Enabled (32-bit)
 Heap Region Size: 1M
 Heap Min Capacity: 8M
 Heap Initial Capacity: 116M
 Heap Max Capacity: 1846M
 Pre-touch: Disabled
 Parallel Workers: 8
 Concurrent Workers: 2
 Concurrent Refinement Workers: 8
 Periodic GC: Disabled
Heap:
 garbage-first heap   total 58368K, used 49376K [0x000000008ca00000, 0x0000000100000000)
  region size 1024K, 26 young (26624K), 3 survivors (3072K)
 Metaspace       used 64547K, committed 65088K, reserved 1114112K
  class space    used 8533K, committed 8768K, reserved 1048576K
GC Heap History (20 events):
Event: 4.029 GC heap before
{Heap before GC invocations=4 (full 0):
 garbage-first heap   total 48128K, used 36568K [0x000000008ca00000, 0x0000000100000000)
  region size 1024K, 28 young (28672K), 5 survivors (5120K)
 Metaspace       used 24811K, committed 25088K, reserved 1114112K
  class space    used 3128K, committed 3264K, reserved 1048576K
}
Event: 4.036 GC heap after
{Heap after GC invocations=5 (full 0):
 garbage-first heap   total 48128K, used 14709K [0x000000008ca00000, 0x0000000100000000)
  region size 1024K, 4 young (4096K), 4 survivors (4096K)
 Metaspace       used 24811K, committed 25088K, reserved 1114112K
  class space    used 3128K, committed 3264K, reserved 1048576K
}
Event: 4.380 GC heap before
{Heap before GC invocations=5 (full 0):
 garbage-first heap   total 48128K, used 35189K [0x000000008ca00000, 0x0000000100000000)
  region size 1024K, 25 young (25600K), 4 survivors (4096K)
 Metaspace       used 28493K, committed 28800K, reserved 1114112K
  class space    used 3531K, committed 3648K, reserved 1048576K
}
Event: 4.387 GC heap after
{Heap after GC invocations=6 (full 0):
 garbage-first heap   total 48128K, used 16481K [0x000000008ca00000, 0x0000000100000000)
  region size 1024K, 4 young (4096K), 4 survivors (4096K)
 Metaspace       used 28493K, committed 28800K, reserved 1114112K
  class space    used 3531K, committed 3648K, reserved 1048576K
}
Event: 4.996 GC heap before
{Heap before GC invocations=6 (full 0):
 garbage-first heap   total 48128K, used 36961K [0x000000008ca00000, 0x0000000100000000)
  region size 1024K, 25 young (25600K), 4 survivors (4096K)
 Metaspace       used 31761K, committed 32128K, reserved 1114112K
  class space    used 3966K, committed 4160K, reserved 1048576K
}
Event: 5.004 GC heap after
{Heap after GC invocations=7 (full 0):
 garbage-first heap   total 48128K, used 18176K [0x000000008ca00000, 0x0000000100000000)
  region size 1024K, 4 young (4096K), 4 survivors (4096K)
 Metaspace       used 31761K, committed 32128K, reserved 1114112K
  class space    used 3966K, committed 4160K, reserved 1048576K
}
Event: 5.995 GC heap before
{Heap before GC invocations=7 (full 0):
 garbage-first heap   total 48128K, used 39680K [0x000000008ca00000, 0x0000000100000000)
  region size 1024K, 25 young (25600K), 4 survivors (4096K)
 Metaspace       used 34958K, committed 35392K, reserved 1114112K
  class space    used 4427K, committed 4608K, reserved 1048576K
}
Event: 6.007 GC heap after
{Heap after GC invocations=8 (full 0):
 garbage-first heap   total 58368K, used 19948K [0x000000008ca00000, 0x0000000100000000)
  region size 1024K, 4 young (4096K), 4 survivors (4096K)
 Metaspace       used 34958K, committed 35392K, reserved 1114112K
  class space    used 4427K, committed 4608K, reserved 1048576K
}
Event: 6.144 GC heap before
{Heap before GC invocations=8 (full 0):
 garbage-first heap   total 58368K, used 23020K [0x000000008ca00000, 0x0000000100000000)
  region size 1024K, 8 young (8192K), 4 survivors (4096K)
 Metaspace       used 35521K, committed 35968K, reserved 1114112K
  class space    used 4536K, committed 4736K, reserved 1048576K
}
Event: 6.152 GC heap after
{Heap after GC invocations=9 (full 0):
 garbage-first heap   total 58368K, used 20595K [0x000000008ca00000, 0x0000000100000000)
  region size 1024K, 3 young (3072K), 3 survivors (3072K)
 Metaspace       used 35521K, committed 35968K, reserved 1114112K
  class space    used 4536K, committed 4736K, reserved 1048576K
}
Event: 7.280 GC heap before
{Heap before GC invocations=10 (full 0):
 garbage-first heap   total 58368K, used 48243K [0x000000008ca00000, 0x0000000100000000)
  region size 1024K, 31 young (31744K), 3 survivors (3072K)
 Metaspace       used 40967K, committed 41472K, reserved 1114112K
  class space    used 5323K, committed 5568K, reserved 1048576K
}
Event: 7.289 GC heap after
{Heap after GC invocations=11 (full 0):
 garbage-first heap   total 58368K, used 21980K [0x000000008ca00000, 0x0000000100000000)
  region size 1024K, 4 young (4096K), 4 survivors (4096K)
 Metaspace       used 40967K, committed 41472K, reserved 1114112K
  class space    used 5323K, committed 5568K, reserved 1048576K
}
Event: 8.454 GC heap before
{Heap before GC invocations=11 (full 0):
 garbage-first heap   total 58368K, used 48604K [0x000000008ca00000, 0x0000000100000000)
  region size 1024K, 31 young (31744K), 4 survivors (4096K)
 Metaspace       used 47537K, committed 48064K, reserved 1114112K
  class space    used 6242K, committed 6464K, reserved 1048576K
}
Event: 8.465 GC heap after
{Heap after GC invocations=12 (full 0):
 garbage-first heap   total 58368K, used 23227K [0x000000008ca00000, 0x0000000100000000)
  region size 1024K, 4 young (4096K), 4 survivors (4096K)
 Metaspace       used 47537K, committed 48064K, reserved 1114112K
  class space    used 6242K, committed 6464K, reserved 1048576K
}
Event: 12.574 GC heap before
{Heap before GC invocations=12 (full 0):
 garbage-first heap   total 58368K, used 48827K [0x000000008ca00000, 0x0000000100000000)
  region size 1024K, 30 young (30720K), 4 survivors (4096K)
 Metaspace       used 53239K, committed 53760K, reserved 1114112K
  class space    used 7068K, committed 7296K, reserved 1048576K
}
Event: 12.584 GC heap after
{Heap after GC invocations=13 (full 0):
 garbage-first heap   total 58368K, used 24673K [0x000000008ca00000, 0x0000000100000000)
  region size 1024K, 3 young (3072K), 3 survivors (3072K)
 Metaspace       used 53239K, committed 53760K, reserved 1114112K
  class space    used 7068K, committed 7296K, reserved 1048576K
}
Event: 16.640 GC heap before
{Heap before GC invocations=13 (full 0):
 garbage-first heap   total 58368K, used 50273K [0x000000008ca00000, 0x0000000100000000)
  region size 1024K, 29 young (29696K), 3 survivors (3072K)
 Metaspace       used 59238K, committed 59776K, reserved 1114112K
  class space    used 8046K, committed 8256K, reserved 1048576K
}
Event: 16.650 GC heap after
{Heap after GC invocations=14 (full 0):
 garbage-first heap   total 58368K, used 25659K [0x000000008ca00000, 0x0000000100000000)
  region size 1024K, 3 young (3072K), 3 survivors (3072K)
 Metaspace       used 59238K, committed 59776K, reserved 1114112K
  class space    used 8046K, committed 8256K, reserved 1048576K
}
Event: 16.715 GC heap before
{Heap before GC invocations=14 (full 0):
 garbage-first heap   total 58368K, used 26683K [0x000000008ca00000, 0x0000000100000000)
  region size 1024K, 5 young (5120K), 3 survivors (3072K)
 Metaspace       used 59556K, committed 60096K, reserved 1114112K
  class space    used 8081K, committed 8320K, reserved 1048576K
}
Event: 16.721 GC heap after
{Heap after GC invocations=15 (full 0):
 garbage-first heap   total 58368K, used 25824K [0x000000008ca00000, 0x0000000100000000)
  region size 1024K, 3 young (3072K), 3 survivors (3072K)
 Metaspace       used 59556K, committed 60096K, reserved 1114112K
  class space    used 8081K, committed 8320K, reserved 1048576K
}

